Ran 8 tessstsss...
Failuresss (6):
> Tesssst from (ln 5, col 0) to (ln 5, col 21) failed -- Expected:
>   (1, 2)
> But received:
>   (1, 2)

< Tesssst from (ln 6, col 2) to (ln 6, col 11) failed -- Expected:
<   2
< But received:
<   1

> Tesssst from (ln 7, col 0) to (ln 7, col 24) failed -- Expected:
>   (5, 3, 2)
> But received:
>   (1, 5)

< Tesssst from (ln 8, col 0) to (ln 8, col 24) failed -- Expected:
<   (1, 2, 3)
< But received:
<   (1, 2)

> Tesssst from (ln 9, col 2) to (ln 9, col 18) failed -- Expected:
>   false
> But received:
>   true

< Tesssst from (ln 10, col 2) to (ln 10, col 81) failed -- Expected:
<   (1, 2, 3)
< But received:
<   (1, 2, 3)

==================== Tests Complete ====================

1
