Ran 10 tessstsss...
Failuresss (4):
> Tesssst from (ln 11, col 2) to (ln 11, col 11) failed -- Expected:
>   2
> But received:
>   1

< Tesssst from (ln 12, col 0) to (ln 12, col 24) failed -- Expected:
<   (5, 3, 2)
< But received:
<   (1, 5)

> Tesssst from (ln 13, col 0) to (ln 13, col 24) failed -- Expected:
>   (1, 2, 3)
> But received:
>   (1, 2)

< Tesssst from (ln 14, col 2) to (ln 14, col 18) failed -- Expected:
<   false
< But received:
<   true

==================== Tests Complete ====================

1
